42.0 APEX_CODE,FINEST;APEX_PROFILING,INFO;CALLOUT,INFO;DB,INFO;SYSTEM,DEBUG;VALIDATION,INFO;VISUALFORCE,INFO;WAVE,INFO;WORKFLOW,INFO
22:46:59.0 (321320)|EXECUTION_STARTED
22:46:59.0 (345369)|CODE_UNIT_STARTED|[EXTERNAL]|VisualForce View State
22:46:59.0 (7503427)|HEAP_ALLOCATE|[72]|Bytes:3
22:46:59.0 (7571886)|HEAP_ALLOCATE|[77]|Bytes:152
22:46:59.0 (7590257)|HEAP_ALLOCATE|[342]|Bytes:408
22:46:59.0 (7610076)|HEAP_ALLOCATE|[355]|Bytes:408
22:46:59.0 (7627967)|HEAP_ALLOCATE|[467]|Bytes:48
22:46:59.0 (7661128)|HEAP_ALLOCATE|[139]|Bytes:6
22:46:59.0 (7935367)|HEAP_ALLOCATE|[50]|Bytes:5
22:46:59.0 (7963466)|HEAP_ALLOCATE|[56]|Bytes:5
22:46:59.0 (7974655)|HEAP_ALLOCATE|[64]|Bytes:7
22:46:59.0 (8762028)|VARIABLE_SCOPE_BEGIN|[14]|SitePageOverrideExtension.STANDARD_PAGES|List<Schema.SObjectField>|true|true
22:46:59.0 (13712218)|CODE_UNIT_FINISHED|VisualForce View State
22:46:59.0 (14620704)|EXECUTION_FINISHED
22:46:59.18 (18565967)|SYSTEM_MODE_ENTER|true
22:46:59.18 (18642346)|HEAP_ALLOCATE|[EXTERNAL]|Bytes:38
22:46:59.18 (18677042)|HEAP_ALLOCATE|[EXTERNAL]|Bytes:7
22:46:59.18 (18700864)|SYSTEM_METHOD_ENTRY|[1]|PageMessagesComponentController.PageMessagesComponentController()
22:46:59.18 (18707168)|STATEMENT_EXECUTE|[1]
22:46:59.40 (40486218)|CUMULATIVE_LIMIT_USAGE
22:46:59.40 (40486218)|LIMIT_USAGE_FOR_NS|(default)|
  Number of SOQL queries: 0 out of 100
  Number of query rows: 0 out of 50000
  Number of SOSL queries: 0 out of 20
  Number of DML statements: 0 out of 150
  Number of DML rows: 0 out of 10000
  Maximum CPU time: 0 out of 10000
  Maximum heap size: 0 out of 6000000
  Number of callouts: 0 out of 100
  Number of Email Invocations: 0 out of 10
  Number of future calls: 0 out of 50
  Number of queueable jobs added to the queue: 0 out of 50
  Number of Mobile Apex push calls: 0 out of 10

22:46:59.40 (40486218)|CUMULATIVE_LIMIT_USAGE_END

