42.0 APEX_CODE,FINEST;APEX_PROFILING,INFO;CALLOUT,INFO;DB,INFO;SYSTEM,DEBUG;VALIDATION,INFO;VISUALFORCE,INFO;WAVE,INFO;WORKFLOW,INFO
22:51:14.0 (357371)|EXECUTION_STARTED
22:51:14.0 (383026)|CODE_UNIT_STARTED|[EXTERNAL]|VisualForce View State
22:51:14.0 (11589144)|HEAP_ALLOCATE|[72]|Bytes:3
22:51:14.0 (11643206)|HEAP_ALLOCATE|[77]|Bytes:152
22:51:14.0 (11660396)|HEAP_ALLOCATE|[342]|Bytes:408
22:51:14.0 (11672702)|HEAP_ALLOCATE|[355]|Bytes:408
22:51:14.0 (11684193)|HEAP_ALLOCATE|[467]|Bytes:48
22:51:14.0 (11713724)|HEAP_ALLOCATE|[139]|Bytes:6
22:51:14.0 (11931874)|HEAP_ALLOCATE|[50]|Bytes:5
22:51:14.0 (11955519)|HEAP_ALLOCATE|[56]|Bytes:5
22:51:14.0 (11963507)|HEAP_ALLOCATE|[64]|Bytes:7
22:51:14.0 (12622008)|VARIABLE_SCOPE_BEGIN|[14]|SitePageOverrideExtension.STANDARD_PAGES|List<Schema.SObjectField>|true|true
22:51:14.0 (17777641)|CODE_UNIT_FINISHED|VisualForce View State
22:51:14.0 (18777072)|EXECUTION_FINISHED
22:51:14.23 (23560596)|SYSTEM_MODE_ENTER|true
22:51:14.23 (23642981)|HEAP_ALLOCATE|[EXTERNAL]|Bytes:38
22:51:14.23 (23653061)|HEAP_ALLOCATE|[EXTERNAL]|Bytes:7
22:51:14.23 (23665078)|SYSTEM_METHOD_ENTRY|[1]|PageMessagesComponentController.PageMessagesComponentController()
22:51:14.23 (23671155)|STATEMENT_EXECUTE|[1]
22:51:14.44 (44333667)|CUMULATIVE_LIMIT_USAGE
22:51:14.44 (44333667)|LIMIT_USAGE_FOR_NS|(default)|
  Number of SOQL queries: 0 out of 100
  Number of query rows: 0 out of 50000
  Number of SOSL queries: 0 out of 20
  Number of DML statements: 0 out of 150
  Number of DML rows: 0 out of 10000
  Maximum CPU time: 0 out of 10000
  Maximum heap size: 0 out of 6000000
  Number of callouts: 0 out of 100
  Number of Email Invocations: 0 out of 10
  Number of future calls: 0 out of 50
  Number of queueable jobs added to the queue: 0 out of 50
  Number of Mobile Apex push calls: 0 out of 10

22:51:14.44 (44333667)|CUMULATIVE_LIMIT_USAGE_END

