36.0 APEX_CODE,DEBUG;APEX_PROFILING,INFO;CALLOUT,INFO;DB,INFO;NBA,INFO;SYSTEM,DEBUG;VALIDATION,INFO;VISUALFORCE,DEBUG;WAVE,INFO;WORKFLOW,INFO
Execute Anonymous: 
Execute Anonymous: while(true)MathifyTest.callSum();
13:14:56.4 (4325062)|USER_INFO|[EXTERNAL]|005f40000027wkk|felipescgouvea@gmail.com|Fuso horário de Brasília|GMT-03:00
13:14:56.4 (4344707)|EXECUTION_STARTED
13:14:56.4 (4349936)|CODE_UNIT_STARTED|[EXTERNAL]|execute_anonymous_apex
13:14:56.4 (4750990)|SYSTEM_MODE_ENTER|false
13:14:56.4 (22486110)|SYSTEM_MODE_EXIT|false
13:14:56.4 (22504829)|SYSTEM_MODE_ENTER|false
13:14:56.4 (30343055)|SYSTEM_MODE_EXIT|false
13:14:56.4 (30359841)|SYSTEM_MODE_ENTER|false
13:14:56.4 (37543228)|SYSTEM_MODE_EXIT|false
13:14:56.4 (37559885)|SYSTEM_MODE_ENTER|false
13:14:56.4 (44991854)|SYSTEM_MODE_EXIT|false
13:14:56.4 (45008719)|SYSTEM_MODE_ENTER|false
13:14:56.4 (52329760)|SYSTEM_MODE_EXIT|false
13:14:56.4 (52346269)|SYSTEM_MODE_ENTER|false
13:14:56.4 (58900827)|SYSTEM_MODE_EXIT|false
13:14:56.4 (58917225)|SYSTEM_MODE_ENTER|false
13:14:56.4 (65867521)|SYSTEM_MODE_EXIT|false
13:14:56.4 (65883890)|SYSTEM_MODE_ENTER|false
13:14:56.4 (73129785)|SYSTEM_MODE_EXIT|false
13:14:56.4 (73146448)|SYSTEM_MODE_ENTER|false
13:14:56.4 (80767263)|SYSTEM_MODE_EXIT|false
13:14:56.4 (80783458)|SYSTEM_MODE_ENTER|false
13:14:56.4 (87446648)|SYSTEM_MODE_EXIT|false
13:14:56.4 (87463235)|SYSTEM_MODE_ENTER|false
13:14:56.4 (93888347)|SYSTEM_MODE_EXIT|false
13:14:56.4 (93904870)|SYSTEM_MODE_ENTER|false
13:14:56.4 (101265321)|SYSTEM_MODE_EXIT|false
13:14:56.4 (101281986)|SYSTEM_MODE_ENTER|false
13:14:56.4 (108829130)|SYSTEM_MODE_EXIT|false
13:14:56.4 (108846986)|SYSTEM_MODE_ENTER|false
13:14:56.4 (116195517)|SYSTEM_MODE_EXIT|false
13:14:56.4 (116213874)|SYSTEM_MODE_ENTER|false
13:14:56.4 (122969382)|SYSTEM_MODE_EXIT|false
13:14:56.4 (122987068)|SYSTEM_MODE_ENTER|false
13:14:56.4 (129770666)|SYSTEM_MODE_EXIT|false
13:14:56.4 (129787801)|SYSTEM_MODE_ENTER|false
13:14:56.4 (136812666)|SYSTEM_MODE_EXIT|false
13:14:56.4 (136829407)|SYSTEM_MODE_ENTER|false
13:14:56.4 (143401385)|SYSTEM_MODE_EXIT|false
13:14:56.4 (143418334)|SYSTEM_MODE_ENTER|false
13:14:56.4 (150701786)|SYSTEM_MODE_EXIT|false
13:14:56.4 (150718151)|SYSTEM_MODE_ENTER|false
13:14:56.4 (157340644)|SYSTEM_MODE_EXIT|false
13:14:56.4 (157357223)|SYSTEM_MODE_ENTER|false
13:14:56.4 (164027138)|SYSTEM_MODE_EXIT|false
13:14:56.4 (164043352)|SYSTEM_MODE_ENTER|false
13:14:56.4 (171466069)|SYSTEM_MODE_EXIT|false
13:14:56.4 (171482516)|SYSTEM_MODE_ENTER|false
13:14:56.4 (180061252)|SYSTEM_MODE_EXIT|false
13:14:56.4 (180077493)|SYSTEM_MODE_ENTER|false
13:14:56.4 (187875140)|SYSTEM_MODE_EXIT|false
13:14:56.4 (187891759)|SYSTEM_MODE_ENTER|false
13:14:56.4 (194502441)|SYSTEM_MODE_EXIT|false
13:14:56.4 (194518946)|SYSTEM_MODE_ENTER|false
13:14:56.4 (201458488)|SYSTEM_MODE_EXIT|false
13:14:56.4 (201475038)|SYSTEM_MODE_ENTER|false
13:14:56.4 (208909554)|SYSTEM_MODE_EXIT|false
13:14:56.4 (208926036)|SYSTEM_MODE_ENTER|false
13:14:56.4 (216051834)|SYSTEM_MODE_EXIT|false
13:14:56.4 (216068524)|SYSTEM_MODE_ENTER|false
13:14:56.4 (224010409)|SYSTEM_MODE_EXIT|false
13:14:56.4 (224026722)|SYSTEM_MODE_ENTER|false
13:14:56.4 (230420291)|SYSTEM_MODE_EXIT|false
13:14:56.4 (230436946)|SYSTEM_MODE_ENTER|false
13:14:56.4 (237541086)|SYSTEM_MODE_EXIT|false
13:14:56.4 (237557598)|SYSTEM_MODE_ENTER|false
13:14:56.4 (245290456)|SYSTEM_MODE_EXIT|false
13:14:56.4 (245307381)|SYSTEM_MODE_ENTER|false
13:14:56.4 (252054261)|SYSTEM_MODE_EXIT|false
13:14:56.4 (252071618)|SYSTEM_MODE_ENTER|false
13:14:56.4 (260868994)|SYSTEM_MODE_EXIT|false
13:14:56.4 (260885374)|SYSTEM_MODE_ENTER|false
13:14:56.4 (267818399)|SYSTEM_MODE_EXIT|false
13:14:56.4 (267835350)|SYSTEM_MODE_ENTER|false
13:14:56.4 (274219512)|SYSTEM_MODE_EXIT|false
13:14:56.4 (274236260)|SYSTEM_MODE_ENTER|false
13:14:56.4 (281429221)|SYSTEM_MODE_EXIT|false
13:14:56.4 (281445816)|SYSTEM_MODE_ENTER|false
13:14:56.4 (288117477)|SYSTEM_MODE_EXIT|false
13:14:56.4 (288134065)|SYSTEM_MODE_ENTER|false
13:14:56.4 (295560110)|SYSTEM_MODE_EXIT|false
13:14:56.4 (295577331)|SYSTEM_MODE_ENTER|false
13:14:56.4 (302031781)|SYSTEM_MODE_EXIT|false
13:14:56.4 (302048461)|SYSTEM_MODE_ENTER|false
13:14:56.4 (308446869)|SYSTEM_MODE_EXIT|false
13:14:56.4 (308463333)|SYSTEM_MODE_ENTER|false
13:14:56.4 (315367877)|SYSTEM_MODE_EXIT|false
13:14:56.4 (315384449)|SYSTEM_MODE_ENTER|false
13:14:56.4 (322391474)|SYSTEM_MODE_EXIT|false
13:14:56.4 (322408137)|SYSTEM_MODE_ENTER|false
13:14:56.4 (330602070)|SYSTEM_MODE_EXIT|false
13:14:56.4 (330623678)|SYSTEM_MODE_ENTER|false
13:14:56.4 (337080860)|SYSTEM_MODE_EXIT|false
13:14:56.4 (337097676)|SYSTEM_MODE_ENTER|false
13:14:56.4 (343713877)|SYSTEM_MODE_EXIT|false
13:14:56.4 (343730690)|SYSTEM_MODE_ENTER|false
13:14:56.4 (350714557)|SYSTEM_MODE_EXIT|false
13:14:56.4 (350731283)|SYSTEM_MODE_ENTER|false
13:14:56.4 (358541773)|SYSTEM_MODE_EXIT|false
13:14:56.4 (358560959)|SYSTEM_MODE_ENTER|false
13:14:56.4 (366290197)|SYSTEM_MODE_EXIT|false
13:14:56.4 (366310031)|SYSTEM_MODE_ENTER|false
13:14:56.4 (373243181)|SYSTEM_MODE_EXIT|false
13:14:56.4 (373259889)|SYSTEM_MODE_ENTER|false
13:14:56.4 (373351708)|EXCEPTION_THROWN|[7]|System.LimitException: Too many future calls: 51
13:14:56.4 (373465566)|SYSTEM_MODE_EXIT|false
13:14:56.4 (373577357)|FATAL_ERROR|System.LimitException: Too many future calls: 51

Class.MathifyTest.callSum: line 7, column 1
AnonymousBlock: line 2, column 1
AnonymousBlock: line 2, column 1
13:14:56.373 (373835684)|CUMULATIVE_LIMIT_USAGE
13:14:56.373 (373835684)|LIMIT_USAGE_FOR_NS|(default)|
  Number of SOQL queries: 0 out of 100
  Number of query rows: 0 out of 50000
  Number of SOSL queries: 0 out of 20
  Number of DML statements: 0 out of 150
  Number of DML rows: 0 out of 10000
  Maximum CPU time: 90 out of 10000
  Maximum heap size: 0 out of 6000000
  Number of callouts: 0 out of 100
  Number of Email Invocations: 0 out of 10
  Number of future calls: 51 out of 50 ******* CLOSE TO LIMIT
  Number of queueable jobs added to the queue: 0 out of 50
  Number of Mobile Apex push calls: 0 out of 10

13:14:56.373 (373835684)|CUMULATIVE_LIMIT_USAGE_END

13:14:56.4 (373875356)|CODE_UNIT_FINISHED|execute_anonymous_apex
13:14:56.4 (374945299)|EXECUTION_FINISHED
