42.0 APEX_CODE,FINEST;APEX_PROFILING,INFO;CALLOUT,INFO;DB,INFO;SYSTEM,DEBUG;VALIDATION,INFO;VISUALFORCE,INFO;WAVE,INFO;WORKFLOW,INFO
22:51:41.0 (371284)|EXECUTION_STARTED
22:51:41.0 (396215)|CODE_UNIT_STARTED|[EXTERNAL]|VisualForce View State
22:51:41.0 (9777084)|HEAP_ALLOCATE|[72]|Bytes:3
22:51:41.0 (9875619)|HEAP_ALLOCATE|[77]|Bytes:152
22:51:41.0 (9902958)|HEAP_ALLOCATE|[342]|Bytes:408
22:51:41.0 (9926078)|HEAP_ALLOCATE|[355]|Bytes:408
22:51:41.0 (9946695)|HEAP_ALLOCATE|[467]|Bytes:48
22:51:41.0 (9987720)|HEAP_ALLOCATE|[139]|Bytes:6
22:51:41.0 (10262188)|HEAP_ALLOCATE|[50]|Bytes:5
22:51:41.0 (10294713)|HEAP_ALLOCATE|[56]|Bytes:5
22:51:41.0 (10306975)|HEAP_ALLOCATE|[64]|Bytes:7
22:51:41.0 (11198484)|VARIABLE_SCOPE_BEGIN|[14]|SitePageOverrideExtension.STANDARD_PAGES|List<Schema.SObjectField>|true|true
22:51:41.0 (15802377)|CODE_UNIT_FINISHED|VisualForce View State
22:51:41.0 (16701747)|EXECUTION_FINISHED
22:51:41.18 (18207932)|SYSTEM_MODE_ENTER|true
22:51:41.18 (18290596)|HEAP_ALLOCATE|[EXTERNAL]|Bytes:38
22:51:41.18 (18320663)|HEAP_ALLOCATE|[EXTERNAL]|Bytes:7
22:51:41.18 (18341823)|SYSTEM_METHOD_ENTRY|[1]|PageMessagesComponentController.PageMessagesComponentController()
22:51:41.18 (18348267)|STATEMENT_EXECUTE|[1]
22:51:41.44 (44413610)|CUMULATIVE_LIMIT_USAGE
22:51:41.44 (44413610)|LIMIT_USAGE_FOR_NS|(default)|
  Number of SOQL queries: 0 out of 100
  Number of query rows: 0 out of 50000
  Number of SOSL queries: 0 out of 20
  Number of DML statements: 0 out of 150
  Number of DML rows: 0 out of 10000
  Maximum CPU time: 0 out of 10000
  Maximum heap size: 0 out of 6000000
  Number of callouts: 0 out of 100
  Number of Email Invocations: 0 out of 10
  Number of future calls: 0 out of 50
  Number of queueable jobs added to the queue: 0 out of 50
  Number of Mobile Apex push calls: 0 out of 10

22:51:41.44 (44413610)|CUMULATIVE_LIMIT_USAGE_END

