42.0 APEX_CODE,FINEST;APEX_PROFILING,INFO;CALLOUT,INFO;DB,INFO;SYSTEM,DEBUG;VALIDATION,INFO;VISUALFORCE,INFO;WAVE,INFO;WORKFLOW,INFO
22:44:34.0 (314337)|EXECUTION_STARTED
22:44:34.0 (341466)|CODE_UNIT_STARTED|[EXTERNAL]|VisualForce View State
22:44:34.0 (8052763)|HEAP_ALLOCATE|[72]|Bytes:3
22:44:34.0 (8116832)|HEAP_ALLOCATE|[77]|Bytes:152
22:44:34.0 (8132295)|HEAP_ALLOCATE|[342]|Bytes:408
22:44:34.0 (8145502)|HEAP_ALLOCATE|[355]|Bytes:408
22:44:34.0 (8156197)|HEAP_ALLOCATE|[467]|Bytes:48
22:44:34.0 (8180834)|HEAP_ALLOCATE|[139]|Bytes:6
22:44:34.0 (8387874)|HEAP_ALLOCATE|[50]|Bytes:5
22:44:34.0 (8412236)|HEAP_ALLOCATE|[56]|Bytes:5
22:44:34.0 (8423531)|HEAP_ALLOCATE|[64]|Bytes:7
22:44:34.0 (9160787)|VARIABLE_SCOPE_BEGIN|[14]|SitePageOverrideExtension.STANDARD_PAGES|List<Schema.SObjectField>|true|true
22:44:34.0 (13042699)|CODE_UNIT_FINISHED|VisualForce View State
22:44:34.0 (13941684)|EXECUTION_FINISHED
22:44:34.15 (15233756)|SYSTEM_MODE_ENTER|true
22:44:34.15 (15316768)|HEAP_ALLOCATE|[EXTERNAL]|Bytes:38
22:44:34.15 (15346171)|HEAP_ALLOCATE|[EXTERNAL]|Bytes:7
22:44:34.15 (15373698)|SYSTEM_METHOD_ENTRY|[1]|PageMessagesComponentController.PageMessagesComponentController()
22:44:34.15 (15379383)|STATEMENT_EXECUTE|[1]
22:44:34.512 (512075819)|CUMULATIVE_LIMIT_USAGE
22:44:34.512 (512075819)|LIMIT_USAGE_FOR_NS|(default)|
  Number of SOQL queries: 0 out of 100
  Number of query rows: 0 out of 50000
  Number of SOSL queries: 0 out of 20
  Number of DML statements: 0 out of 150
  Number of DML rows: 0 out of 10000
  Maximum CPU time: 96 out of 10000
  Maximum heap size: 0 out of 6000000
  Number of callouts: 0 out of 100
  Number of Email Invocations: 0 out of 10
  Number of future calls: 0 out of 50
  Number of queueable jobs added to the queue: 0 out of 50
  Number of Mobile Apex push calls: 0 out of 10

22:44:34.512 (512075819)|CUMULATIVE_LIMIT_USAGE_END

