42.0 APEX_CODE,FINEST;APEX_PROFILING,INFO;CALLOUT,INFO;DB,INFO;SYSTEM,DEBUG;VALIDATION,INFO;VISUALFORCE,INFO;WAVE,INFO;WORKFLOW,INFO
22:47:23.0 (298423)|EXECUTION_STARTED
22:47:23.0 (319528)|CODE_UNIT_STARTED|[EXTERNAL]|VisualForce View State
22:47:23.0 (11728645)|HEAP_ALLOCATE|[72]|Bytes:3
22:47:23.0 (11787292)|HEAP_ALLOCATE|[77]|Bytes:152
22:47:23.0 (11807023)|HEAP_ALLOCATE|[342]|Bytes:408
22:47:23.0 (11819707)|HEAP_ALLOCATE|[355]|Bytes:408
22:47:23.0 (11830360)|HEAP_ALLOCATE|[467]|Bytes:48
22:47:23.0 (11859101)|HEAP_ALLOCATE|[139]|Bytes:6
22:47:23.0 (12063097)|HEAP_ALLOCATE|[50]|Bytes:5
22:47:23.0 (12088474)|HEAP_ALLOCATE|[56]|Bytes:5
22:47:23.0 (12096721)|HEAP_ALLOCATE|[64]|Bytes:7
22:47:23.0 (12800699)|VARIABLE_SCOPE_BEGIN|[14]|SitePageOverrideExtension.STANDARD_PAGES|List<Schema.SObjectField>|true|true
22:47:23.0 (18644507)|CODE_UNIT_FINISHED|VisualForce View State
22:47:23.0 (19573196)|EXECUTION_FINISHED
22:47:23.25 (25756176)|SYSTEM_MODE_ENTER|true
22:47:23.25 (25829656)|HEAP_ALLOCATE|[EXTERNAL]|Bytes:38
22:47:23.25 (25862938)|HEAP_ALLOCATE|[EXTERNAL]|Bytes:7
22:47:23.25 (25873607)|SYSTEM_METHOD_ENTRY|[1]|PageMessagesComponentController.PageMessagesComponentController()
22:47:23.25 (25879886)|STATEMENT_EXECUTE|[1]
22:47:23.46 (46411657)|CUMULATIVE_LIMIT_USAGE
22:47:23.46 (46411657)|LIMIT_USAGE_FOR_NS|(default)|
  Number of SOQL queries: 0 out of 100
  Number of query rows: 0 out of 50000
  Number of SOSL queries: 0 out of 20
  Number of DML statements: 0 out of 150
  Number of DML rows: 0 out of 10000
  Maximum CPU time: 0 out of 10000
  Maximum heap size: 0 out of 6000000
  Number of callouts: 0 out of 100
  Number of Email Invocations: 0 out of 10
  Number of future calls: 0 out of 50
  Number of queueable jobs added to the queue: 0 out of 50
  Number of Mobile Apex push calls: 0 out of 10

22:47:23.46 (46411657)|CUMULATIVE_LIMIT_USAGE_END

