36.0 APEX_CODE,DEBUG;APEX_PROFILING,INFO;CALLOUT,INFO;DB,INFO;NBA,INFO;SYSTEM,DEBUG;VALIDATION,INFO;VISUALFORCE,DEBUG;WAVE,INFO;WORKFLOW,INFO
13:11:33.0 (415991)|USER_INFO|[EXTERNAL]|005f40000027wkk|felipescgouvea@gmail.com|Fuso horário de Brasília|GMT-03:00
13:11:33.0 (461943)|EXECUTION_STARTED
13:11:33.0 (468515)|CODE_UNIT_STARTED|[EXTERNAL]|FutureHandler - state load
13:11:33.0 (2151666)|CODE_UNIT_FINISHED|FutureHandler - state load
13:11:33.0 (3028093)|EXECUTION_FINISHED
13:11:33.15 (15626902)|USER_INFO|[EXTERNAL]|005f40000027wkk|felipescgouvea@gmail.com|Fuso horário de Brasília|GMT-03:00
13:11:33.15 (15652031)|EXECUTION_STARTED
13:11:33.15 (15658041)|CODE_UNIT_STARTED|[EXTERNAL]|01pf400000GU94Y|MathifyTest.callSum()
13:11:33.15 (16926186)|SYSTEM_MODE_ENTER|false
13:11:33.15 (16974543)|SYSTEM_MODE_EXIT|false
13:11:33.15 (17003045)|SYSTEM_MODE_ENTER|false
13:11:33.15 (17329793)|EXCEPTION_THROWN|[15]|System.CalloutException: Callout not allowed from this future method. Please enable callout by annotating the future method. eg: @Future(callout=true)
13:11:33.15 (17435932)|SYSTEM_MODE_EXIT|false
13:11:33.15 (17497684)|FATAL_ERROR|System.CalloutException: Callout not allowed from this future method. Please enable callout by annotating the future method. eg: @Future(callout=true)

Class.MathifyTest.callSum: line 15, column 1
13:11:33.15 (17516784)|FATAL_ERROR|System.CalloutException: Callout not allowed from this future method. Please enable callout by annotating the future method. eg: @Future(callout=true)

Class.MathifyTest.callSum: line 15, column 1
13:11:33.17 (17527227)|CUMULATIVE_LIMIT_USAGE
13:11:33.17 (17527227)|LIMIT_USAGE_FOR_NS|(default)|
  Number of SOQL queries: 0 out of 200
  Number of query rows: 0 out of 50000
  Number of SOSL queries: 0 out of 20
  Number of DML statements: 0 out of 150
  Number of DML rows: 0 out of 10000
  Maximum CPU time: 0 out of 60000
  Maximum heap size: 0 out of 12000000
  Number of callouts: 0 out of 100
  Number of Email Invocations: 0 out of 10
  Number of future calls: 0 out of 50
  Number of queueable jobs added to the queue: 0 out of 1
  Number of Mobile Apex push calls: 0 out of 10

13:11:33.17 (17527227)|CUMULATIVE_LIMIT_USAGE_END

13:11:33.15 (17570655)|CODE_UNIT_FINISHED|MathifyTest.callSum()
13:11:33.15 (18963755)|EXECUTION_FINISHED
