42.0 APEX_CODE,FINEST;APEX_PROFILING,INFO;CALLOUT,INFO;DB,INFO;SYSTEM,DEBUG;VALIDATION,INFO;VISUALFORCE,INFO;WAVE,INFO;WORKFLOW,INFO
22:35:44.0 (321730)|USER_INFO|[EXTERNAL]|005f40000027wkk|felipescgouvea@gmail.com|Fuso horário de Brasília|GMT-03:00
22:35:44.0 (496774)|EXECUTION_STARTED
22:35:44.0 (502775)|CODE_UNIT_STARTED|[EXTERNAL]|066f4000003xROQ|VF: /apex/MathBase
22:35:44.0 (148236089)|VF_SERIALIZE_VIEWSTATE_BEGIN|066f4000003xROQ
22:35:44.0 (172634108)|VF_SERIALIZE_VIEWSTATE_END
22:35:44.0 (173085439)|CODE_UNIT_STARTED|[EXTERNAL]|Generate Metadata
22:35:44.0 (173524349)|CODE_UNIT_FINISHED|Generate Metadata
22:35:44.175 (175766548)|CUMULATIVE_LIMIT_USAGE
22:35:44.175 (175766548)|LIMIT_USAGE_FOR_NS|(default)|
  Number of SOQL queries: 0 out of 100
  Number of query rows: 0 out of 50000
  Number of SOSL queries: 0 out of 20
  Number of DML statements: 0 out of 150
  Number of DML rows: 0 out of 10000
  Maximum CPU time: 0 out of 10000
  Maximum heap size: 0 out of 6000000
  Number of callouts: 0 out of 100
  Number of Email Invocations: 0 out of 10
  Number of future calls: 0 out of 50
  Number of queueable jobs added to the queue: 0 out of 50
  Number of Mobile Apex push calls: 0 out of 10

22:35:44.175 (175766548)|CUMULATIVE_LIMIT_USAGE_END

22:35:44.0 (175811175)|CODE_UNIT_FINISHED|VF: /apex/MathBase
22:35:44.0 (176641571)|EXECUTION_FINISHED
