36.0 APEX_CODE,DEBUG;APEX_PROFILING,INFO;CALLOUT,INFO;DB,INFO;NBA,INFO;SYSTEM,DEBUG;VALIDATION,INFO;VISUALFORCE,DEBUG;WAVE,INFO;WORKFLOW,INFO
Execute Anonymous: 
Execute Anonymous: while(true)MathifyTest.callSum();
13:12:40.3 (3592555)|USER_INFO|[EXTERNAL]|005f40000027wkk|felipescgouvea@gmail.com|Fuso horário de Brasília|GMT-03:00
13:12:40.3 (3616743)|EXECUTION_STARTED
13:12:40.3 (3621482)|CODE_UNIT_STARTED|[EXTERNAL]|execute_anonymous_apex
13:12:40.3 (368625257)|EXCEPTION_THROWN|[2]|System.LimitException: Too many future calls: 51
13:12:40.3 (387282142)|FATAL_ERROR|System.LimitException: Too many future calls: 51

AnonymousBlock: line 2, column 1
13:12:40.387 (387440925)|CUMULATIVE_LIMIT_USAGE
13:12:40.387 (387440925)|LIMIT_USAGE_FOR_NS|(default)|
  Number of SOQL queries: 0 out of 100
  Number of query rows: 0 out of 50000
  Number of SOSL queries: 0 out of 20
  Number of DML statements: 0 out of 150
  Number of DML rows: 0 out of 10000
  Maximum CPU time: 0 out of 10000
  Maximum heap size: 0 out of 6000000
  Number of callouts: 0 out of 100
  Number of Email Invocations: 0 out of 10
  Number of future calls: 51 out of 50 ******* CLOSE TO LIMIT
  Number of queueable jobs added to the queue: 0 out of 50
  Number of Mobile Apex push calls: 0 out of 10

13:12:40.387 (387440925)|CUMULATIVE_LIMIT_USAGE_END

13:12:40.3 (387481496)|CODE_UNIT_FINISHED|execute_anonymous_apex
13:12:40.3 (388350050)|EXECUTION_FINISHED
