42.0 APEX_CODE,FINEST;APEX_PROFILING,INFO;CALLOUT,INFO;DB,INFO;SYSTEM,DEBUG;VALIDATION,INFO;VISUALFORCE,INFO;WAVE,INFO;WORKFLOW,INFO
22:40:39.0 (335485)|EXECUTION_STARTED
22:40:39.0 (362336)|CODE_UNIT_STARTED|[EXTERNAL]|VisualForce View State
22:40:39.0 (6090590)|HEAP_ALLOCATE|[72]|Bytes:3
22:40:39.0 (6159470)|HEAP_ALLOCATE|[77]|Bytes:152
22:40:39.0 (6177112)|HEAP_ALLOCATE|[342]|Bytes:408
22:40:39.0 (6189791)|HEAP_ALLOCATE|[355]|Bytes:408
22:40:39.0 (6200404)|HEAP_ALLOCATE|[467]|Bytes:48
22:40:39.0 (6226376)|HEAP_ALLOCATE|[139]|Bytes:6
22:40:39.0 (6440052)|HEAP_ALLOCATE|[50]|Bytes:5
22:40:39.0 (6466628)|HEAP_ALLOCATE|[56]|Bytes:5
22:40:39.0 (6475154)|HEAP_ALLOCATE|[64]|Bytes:7
22:40:39.0 (7250077)|VARIABLE_SCOPE_BEGIN|[14]|SitePageOverrideExtension.STANDARD_PAGES|List<Schema.SObjectField>|true|true
22:40:39.0 (11201734)|CODE_UNIT_FINISHED|VisualForce View State
22:40:39.0 (12058837)|EXECUTION_FINISHED
22:40:39.13 (13299995)|SYSTEM_MODE_ENTER|true
22:40:39.13 (13374857)|HEAP_ALLOCATE|[EXTERNAL]|Bytes:38
22:40:39.13 (13405591)|HEAP_ALLOCATE|[EXTERNAL]|Bytes:7
22:40:39.13 (13427218)|SYSTEM_METHOD_ENTRY|[1]|PageMessagesComponentController.PageMessagesComponentController()
22:40:39.13 (13433143)|STATEMENT_EXECUTE|[1]
22:40:39.406 (406499400)|CUMULATIVE_LIMIT_USAGE
22:40:39.406 (406499400)|LIMIT_USAGE_FOR_NS|(default)|
  Number of SOQL queries: 0 out of 100
  Number of query rows: 0 out of 50000
  Number of SOSL queries: 0 out of 20
  Number of DML statements: 0 out of 150
  Number of DML rows: 0 out of 10000
  Maximum CPU time: 113 out of 10000
  Maximum heap size: 0 out of 6000000
  Number of callouts: 0 out of 100
  Number of Email Invocations: 0 out of 10
  Number of future calls: 0 out of 50
  Number of queueable jobs added to the queue: 0 out of 50
  Number of Mobile Apex push calls: 0 out of 10

22:40:39.406 (406499400)|CUMULATIVE_LIMIT_USAGE_END

