36.0 APEX_CODE,DEBUG;APEX_PROFILING,INFO;CALLOUT,INFO;DB,INFO;NBA,INFO;SYSTEM,DEBUG;VALIDATION,INFO;VISUALFORCE,DEBUG;WAVE,INFO;WORKFLOW,INFO
Execute Anonymous: 
Execute Anonymous: while(true)MathifyTest.callSum();
13:14:40.6 (6714797)|USER_INFO|[EXTERNAL]|005f40000027wkk|felipescgouvea@gmail.com|Fuso horário de Brasília|GMT-03:00
13:14:40.6 (6742033)|EXECUTION_STARTED
13:14:40.6 (6750859)|CODE_UNIT_STARTED|[EXTERNAL]|execute_anonymous_apex
13:14:40.6 (7143473)|SYSTEM_MODE_ENTER|false
13:14:40.6 (30494023)|SYSTEM_MODE_EXIT|false
13:14:40.6 (30518858)|SYSTEM_MODE_ENTER|false
13:14:40.6 (39035283)|SYSTEM_MODE_EXIT|false
13:14:40.6 (39060412)|SYSTEM_MODE_ENTER|false
13:14:40.6 (47937159)|SYSTEM_MODE_EXIT|false
13:14:40.6 (47958715)|SYSTEM_MODE_ENTER|false
13:14:40.6 (56197816)|SYSTEM_MODE_EXIT|false
13:14:40.6 (56218677)|SYSTEM_MODE_ENTER|false
13:14:40.6 (64785279)|SYSTEM_MODE_EXIT|false
13:14:40.6 (64810670)|SYSTEM_MODE_ENTER|false
13:14:40.6 (72981363)|SYSTEM_MODE_EXIT|false
13:14:40.6 (73001611)|SYSTEM_MODE_ENTER|false
13:14:40.6 (81463407)|SYSTEM_MODE_EXIT|false
13:14:40.6 (81491409)|SYSTEM_MODE_ENTER|false
13:14:40.6 (90271912)|SYSTEM_MODE_EXIT|false
13:14:40.6 (90292856)|SYSTEM_MODE_ENTER|false
13:14:40.6 (99449779)|SYSTEM_MODE_EXIT|false
13:14:40.6 (99477211)|SYSTEM_MODE_ENTER|false
13:14:40.6 (107959126)|SYSTEM_MODE_EXIT|false
13:14:40.6 (107982703)|SYSTEM_MODE_ENTER|false
13:14:40.6 (116639102)|SYSTEM_MODE_EXIT|false
13:14:40.6 (116662354)|SYSTEM_MODE_ENTER|false
13:14:40.6 (124430765)|SYSTEM_MODE_EXIT|false
13:14:40.6 (124454388)|SYSTEM_MODE_ENTER|false
13:14:40.6 (133114313)|SYSTEM_MODE_EXIT|false
13:14:40.6 (133132682)|SYSTEM_MODE_ENTER|false
13:14:40.6 (141171489)|SYSTEM_MODE_EXIT|false
13:14:40.6 (141193489)|SYSTEM_MODE_ENTER|false
13:14:40.6 (149909021)|SYSTEM_MODE_EXIT|false
13:14:40.6 (149936461)|SYSTEM_MODE_ENTER|false
13:14:40.6 (158620922)|SYSTEM_MODE_EXIT|false
13:14:40.6 (158640815)|SYSTEM_MODE_ENTER|false
13:14:40.6 (166544232)|SYSTEM_MODE_EXIT|false
13:14:40.6 (166563735)|SYSTEM_MODE_ENTER|false
13:14:40.6 (176985796)|SYSTEM_MODE_EXIT|false
13:14:40.6 (177006160)|SYSTEM_MODE_ENTER|false
13:14:40.6 (183992493)|SYSTEM_MODE_EXIT|false
13:14:40.6 (184015936)|SYSTEM_MODE_ENTER|false
13:14:40.6 (191603827)|SYSTEM_MODE_EXIT|false
13:14:40.6 (191622986)|SYSTEM_MODE_ENTER|false
13:14:40.6 (198926650)|SYSTEM_MODE_EXIT|false
13:14:40.6 (198945496)|SYSTEM_MODE_ENTER|false
13:14:40.6 (205705003)|SYSTEM_MODE_EXIT|false
13:14:40.6 (205722619)|SYSTEM_MODE_ENTER|false
13:14:40.6 (213553842)|SYSTEM_MODE_EXIT|false
13:14:40.6 (213571275)|SYSTEM_MODE_ENTER|false
13:14:40.6 (220247133)|SYSTEM_MODE_EXIT|false
13:14:40.6 (220264878)|SYSTEM_MODE_ENTER|false
13:14:40.6 (227343883)|SYSTEM_MODE_EXIT|false
13:14:40.6 (227363263)|SYSTEM_MODE_ENTER|false
13:14:40.6 (234920347)|SYSTEM_MODE_EXIT|false
13:14:40.6 (234937983)|SYSTEM_MODE_ENTER|false
13:14:40.6 (241681138)|SYSTEM_MODE_EXIT|false
13:14:40.6 (241698481)|SYSTEM_MODE_ENTER|false
13:14:40.6 (249085390)|SYSTEM_MODE_EXIT|false
13:14:40.6 (249103273)|SYSTEM_MODE_ENTER|false
13:14:40.6 (255704395)|SYSTEM_MODE_EXIT|false
13:14:40.6 (255727090)|SYSTEM_MODE_ENTER|false
13:14:40.6 (263099679)|SYSTEM_MODE_EXIT|false
13:14:40.6 (263116947)|SYSTEM_MODE_ENTER|false
13:14:40.6 (270451192)|SYSTEM_MODE_EXIT|false
13:14:40.6 (270474339)|SYSTEM_MODE_ENTER|false
13:14:40.6 (277699689)|SYSTEM_MODE_EXIT|false
13:14:40.6 (277716909)|SYSTEM_MODE_ENTER|false
13:14:40.6 (285140050)|SYSTEM_MODE_EXIT|false
13:14:40.6 (285158502)|SYSTEM_MODE_ENTER|false
13:14:40.6 (291981695)|SYSTEM_MODE_EXIT|false
13:14:40.6 (291999197)|SYSTEM_MODE_ENTER|false
13:14:40.6 (299534276)|SYSTEM_MODE_EXIT|false
13:14:40.6 (299554575)|SYSTEM_MODE_ENTER|false
13:14:40.6 (308346418)|SYSTEM_MODE_EXIT|false
13:14:40.6 (308364202)|SYSTEM_MODE_ENTER|false
13:14:40.6 (315480078)|SYSTEM_MODE_EXIT|false
13:14:40.6 (315498049)|SYSTEM_MODE_ENTER|false
13:14:40.6 (323003361)|SYSTEM_MODE_EXIT|false
13:14:40.6 (323030623)|SYSTEM_MODE_ENTER|false
13:14:40.6 (330502176)|SYSTEM_MODE_EXIT|false
13:14:40.6 (330524797)|SYSTEM_MODE_ENTER|false
13:14:40.6 (339276131)|SYSTEM_MODE_EXIT|false
13:14:40.6 (339296288)|SYSTEM_MODE_ENTER|false
13:14:40.6 (348272554)|SYSTEM_MODE_EXIT|false
13:14:40.6 (348304229)|SYSTEM_MODE_ENTER|false
13:14:40.6 (357233138)|SYSTEM_MODE_EXIT|false
13:14:40.6 (357254075)|SYSTEM_MODE_ENTER|false
13:14:40.6 (365647291)|SYSTEM_MODE_EXIT|false
13:14:40.6 (365666412)|SYSTEM_MODE_ENTER|false
13:14:40.6 (373430827)|SYSTEM_MODE_EXIT|false
13:14:40.6 (373448575)|SYSTEM_MODE_ENTER|false
13:14:40.6 (382054398)|SYSTEM_MODE_EXIT|false
13:14:40.6 (382077833)|SYSTEM_MODE_ENTER|false
13:14:40.6 (391228807)|SYSTEM_MODE_EXIT|false
13:14:40.6 (391247019)|SYSTEM_MODE_ENTER|false
13:14:40.6 (400312856)|SYSTEM_MODE_EXIT|false
13:14:40.6 (400345781)|SYSTEM_MODE_ENTER|false
13:14:40.6 (409344315)|SYSTEM_MODE_EXIT|false
13:14:40.6 (409363784)|SYSTEM_MODE_ENTER|false
13:14:40.6 (417481389)|SYSTEM_MODE_EXIT|false
13:14:40.6 (417509135)|SYSTEM_MODE_ENTER|false
13:14:40.6 (426291570)|SYSTEM_MODE_EXIT|false
13:14:40.6 (426309318)|SYSTEM_MODE_ENTER|false
13:14:40.6 (426413766)|EXCEPTION_THROWN|[7]|System.LimitException: Too many future calls: 51
13:14:40.6 (426538776)|SYSTEM_MODE_EXIT|false
13:14:40.6 (426668473)|FATAL_ERROR|System.LimitException: Too many future calls: 51

Class.MathifyTest.callSum: line 7, column 1
AnonymousBlock: line 2, column 1
AnonymousBlock: line 2, column 1
13:14:40.426 (426954164)|CUMULATIVE_LIMIT_USAGE
13:14:40.426 (426954164)|LIMIT_USAGE_FOR_NS|(default)|
  Number of SOQL queries: 0 out of 100
  Number of query rows: 0 out of 50000
  Number of SOSL queries: 0 out of 20
  Number of DML statements: 0 out of 150
  Number of DML rows: 0 out of 10000
  Maximum CPU time: 104 out of 10000
  Maximum heap size: 0 out of 6000000
  Number of callouts: 0 out of 100
  Number of Email Invocations: 0 out of 10
  Number of future calls: 51 out of 50 ******* CLOSE TO LIMIT
  Number of queueable jobs added to the queue: 0 out of 50
  Number of Mobile Apex push calls: 0 out of 10

13:14:40.426 (426954164)|CUMULATIVE_LIMIT_USAGE_END

13:14:40.6 (426997918)|CODE_UNIT_FINISHED|execute_anonymous_apex
13:14:40.6 (428374026)|EXECUTION_FINISHED
